D:\Microsoft Visual Studio\2017\Enterprise\Common7\IDE\VC\VCTargets\Microsoft.CppBuild.targets(937,5): warning MSB8027: Two or more files with the name of main.cpp will produce outputs to the same location. This can lead to an incorrect build result.  The files involved are main.cpp, SQL\main.cpp.
  main.cpp
c1xx : fatal error C1083: Cannot open source file: 'SQL\main.cpp': No such file or directory
  TabelaRezerwacji.cpp
c:\users\marvi\desktop\biuropodrozy\bp\projekt_po_2018\sql\tabelarezerwacji.cpp(27): warning C4267: 'argument': conversion from 'size_t' to 'int', possible loss of data
c:\users\marvi\desktop\biuropodrozy\bp\projekt_po_2018\sql\tabelarezerwacji.cpp(157): warning C4267: 'argument': conversion from 'size_t' to 'int', possible loss of data
c:\users\marvi\desktop\biuropodrozy\bp\projekt_po_2018\sql\tabelarezerwacji.cpp(176): error C2556: 'bool TabelaRezerwacji::edytuj(sqlite3 *)': overloaded function differs only by return type from 'void TabelaRezerwacji::edytuj(sqlite3 *)'
  c:\users\marvi\desktop\biuropodrozy\bp\projekt_po_2018\sql\tabelarezerwacji.h(23): note: see declaration of 'TabelaRezerwacji::edytuj'
c:\users\marvi\desktop\biuropodrozy\bp\projekt_po_2018\sql\tabelarezerwacji.cpp(175): error C2371: 'TabelaRezerwacji::edytuj': redefinition; different basic types
  c:\users\marvi\desktop\biuropodrozy\bp\projekt_po_2018\sql\tabelarezerwacji.h(23): note: see declaration of 'TabelaRezerwacji::edytuj'
c:\users\marvi\desktop\biuropodrozy\bp\projekt_po_2018\sql\tabelarezerwacji.cpp(178): error C2065: 'imie': undeclared identifier
c:\users\marvi\desktop\biuropodrozy\bp\projekt_po_2018\sql\tabelarezerwacji.cpp(178): error C2065: 'nazwisko': undeclared identifier
c:\users\marvi\desktop\biuropodrozy\bp\projekt_po_2018\sql\tabelarezerwacji.cpp(184): error C2065: 'imie': undeclared identifier
c:\users\marvi\desktop\biuropodrozy\bp\projekt_po_2018\sql\tabelarezerwacji.cpp(187): error C2065: 'nazwisko': undeclared identifier
c:\users\marvi\desktop\biuropodrozy\bp\projekt_po_2018\sql\tabelarezerwacji.cpp(190): error C2065: 'adresZamieszkania': undeclared identifier
c:\users\marvi\desktop\biuropodrozy\bp\projekt_po_2018\sql\tabelarezerwacji.cpp(193): error C2065: 'nr_Tel': undeclared identifier
c:\users\marvi\desktop\biuropodrozy\bp\projekt_po_2018\sql\tabelarezerwacji.cpp(196): error C2065: 'eMail': undeclared identifier
  TabelaPromocji.cpp
c:\users\marvi\desktop\biuropodrozy\bp\projekt_po_2018\sql\tabelapromocji.cpp(35): error C2110: '+': cannot add two pointers
c:\users\marvi\desktop\biuropodrozy\bp\projekt_po_2018\sql\tabelapromocji.cpp(40): warning C4267: 'argument': conversion from 'size_t' to 'int', possible loss of data
c:\users\marvi\desktop\biuropodrozy\bp\projekt_po_2018\sql\tabelapromocji.cpp(107): warning C4267: 'argument': conversion from 'size_t' to 'int', possible loss of data
c:\users\marvi\desktop\biuropodrozy\bp\projekt_po_2018\sql\tabelapromocji.cpp(139): error C2782: 'std::basic_string<_Elem,_Traits,_Alloc> std::operator +(std::basic_string<_Elem,_Traits,_Alloc> &&,const _Elem)': template parameter '_Elem' is ambiguous
  d:\microsoft visual studio\2017\enterprise\vc\tools\msvc\14.12.25827\include\xstring(3866): note: see declaration of 'std::operator +'
  c:\users\marvi\desktop\biuropodrozy\bp\projekt_po_2018\sql\tabelapromocji.cpp(139): note: could be 'int'
  c:\users\marvi\desktop\biuropodrozy\bp\projekt_po_2018\sql\tabelapromocji.cpp(139): note: or       'char'
c:\users\marvi\desktop\biuropodrozy\bp\projekt_po_2018\sql\tabelapromocji.cpp(139): error C2784: 'std::basic_string<_Elem,_Traits,_Alloc> std::operator +(std::basic_string<_Elem,_Traits,_Alloc> &&,const _Elem)': could not deduce template argument for 'const _Elem' from 'int'
  d:\microsoft visual studio\2017\enterprise\vc\tools\msvc\14.12.25827\include\xstring(3866): note: see declaration of 'std::operator +'
c:\users\marvi\desktop\biuropodrozy\bp\projekt_po_2018\sql\tabelapromocji.cpp(139): error C2784: 'std::basic_string<_Elem,_Traits,_Alloc> std::operator +(std::basic_string<_Elem,_Traits,_Alloc> &&,const _Elem *const )': could not deduce template argument for 'const _Elem *const ' from 'int'
  d:\microsoft visual studio\2017\enterprise\vc\tools\msvc\14.12.25827\include\xstring(3856): note: see declaration of 'std::operator +'
c:\users\marvi\desktop\biuropodrozy\bp\projekt_po_2018\sql\tabelapromocji.cpp(139): error C2784: 'std::basic_string<_Elem,_Traits,_Alloc> std::operator +(const _Elem,std::basic_string<_Elem,_Traits,_Alloc> &&)': could not deduce template argument for 'std::basic_string<_Elem,_Traits,_Alloc> &&' from 'int'
  d:\microsoft visual studio\2017\enterprise\vc\tools\msvc\14.12.25827\include\xstring(3845): note: see declaration of 'std::operator +'
c:\users\marvi\desktop\biuropodrozy\bp\projekt_po_2018\sql\tabelapromocji.cpp(139): error C2784: 'std::basic_string<_Elem,_Traits,_Alloc> std::operator +(const _Elem *const ,std::basic_string<_Elem,_Traits,_Alloc> &&)': could not deduce template argument for 'const _Elem *const ' from 'std::basic_string<char,std::char_traits<char>,std::allocator<char>>'
  d:\microsoft visual studio\2017\enterprise\vc\tools\msvc\14.12.25827\include\xstring(3835): note: see declaration of 'std::operator +'
c:\users\marvi\desktop\biuropodrozy\bp\projekt_po_2018\sql\tabelapromocji.cpp(139): error C2784: 'std::basic_string<_Elem,_Traits,_Alloc> std::operator +(std::basic_string<_Elem,_Traits,_Alloc> &&,std::basic_string<_Elem,_Traits,_Alloc> &&)': could not deduce template argument for 'std::basic_string<_Elem,_Traits,_Alloc> &&' from 'int'
  d:\microsoft visual studio\2017\enterprise\vc\tools\msvc\14.12.25827\include\xstring(3821): note: see declaration of 'std::operator +'
c:\users\marvi\desktop\biuropodrozy\bp\projekt_po_2018\sql\tabelapromocji.cpp(139): error C2784: 'std::basic_string<_Elem,_Traits,_Alloc> std::operator +(std::basic_string<_Elem,_Traits,_Alloc> &&,const std::basic_string<_Elem,_Traits,_Alloc> &)': could not deduce template argument for 'const std::basic_string<_Elem,_Traits,_Alloc> &' from 'int'
  d:\microsoft visual studio\2017\enterprise\vc\tools\msvc\14.12.25827\include\xstring(3811): note: see declaration of 'std::operator +'
c:\users\marvi\desktop\biuropodrozy\bp\projekt_po_2018\sql\tabelapromocji.cpp(139): error C2784: 'std::basic_string<_Elem,_Traits,_Alloc> std::operator +(const std::basic_string<_Elem,_Traits,_Alloc> &,std::basic_string<_Elem,_Traits,_Alloc> &&)': could not deduce template argument for 'std::basic_string<_Elem,_Traits,_Alloc> &&' from 'int'
  d:\microsoft visual studio\2017\enterprise\vc\tools\msvc\14.12.25827\include\xstring(3801): note: see declaration of 'std::operator +'
c:\users\marvi\desktop\biuropodrozy\bp\projekt_po_2018\sql\tabelapromocji.cpp(139): error C2782: 'std::basic_string<_Elem,_Traits,_Alloc> std::operator +(const std::basic_string<_Elem,_Traits,_Alloc> &,const _Elem)': template parameter '_Elem' is ambiguous
  d:\microsoft visual studio\2017\enterprise\vc\tools\msvc\14.12.25827\include\xstring(3787): note: see declaration of 'std::operator +'
  c:\users\marvi\desktop\biuropodrozy\bp\projekt_po_2018\sql\tabelapromocji.cpp(139): note: could be 'int'
  c:\users\marvi\desktop\biuropodrozy\bp\projekt_po_2018\sql\tabelapromocji.cpp(139): note: or       'char'
c:\users\marvi\desktop\biuropodrozy\bp\projekt_po_2018\sql\tabelapromocji.cpp(139): error C2784: 'std::basic_string<_Elem,_Traits,_Alloc> std::operator +(const std::basic_string<_Elem,_Traits,_Alloc> &,const _Elem)': could not deduce template argument for 'const _Elem' from 'int'
  d:\microsoft visual studio\2017\enterprise\vc\tools\msvc\14.12.25827\include\xstring(3787): note: see declaration of 'std::operator +'
c:\users\marvi\desktop\biuropodrozy\bp\projekt_po_2018\sql\tabelapromocji.cpp(139): error C2784: 'std::basic_string<_Elem,_Traits,_Alloc> std::operator +(const std::basic_string<_Elem,_Traits,_Alloc> &,const _Elem *const )': could not deduce template argument for 'const _Elem *const ' from 'int'
  d:\microsoft visual studio\2017\enterprise\vc\tools\msvc\14.12.25827\include\xstring(3771): note: see declaration of 'std::operator +'
c:\users\marvi\desktop\biuropodrozy\bp\projekt_po_2018\sql\tabelapromocji.cpp(139): error C2784: 'std::basic_string<_Elem,_Traits,_Alloc> std::operator +(const _Elem,const std::basic_string<_Elem,_Traits,_Alloc> &)': could not deduce template argument for 'const std::basic_string<_Elem,_Traits,_Alloc> &' from 'int'
  d:\microsoft visual studio\2017\enterprise\vc\tools\msvc\14.12.25827\include\xstring(3757): note: see declaration of 'std::operator +'
c:\users\marvi\desktop\biuropodrozy\bp\projekt_po_2018\sql\tabelapromocji.cpp(139): error C2784: 'std::basic_string<_Elem,_Traits,_Alloc> std::operator +(const _Elem *const ,const std::basic_string<_Elem,_Traits,_Alloc> &)': could not deduce template argument for 'const _Elem *const ' from 'std::basic_string<char,std::char_traits<char>,std::allocator<char>>'
  d:\microsoft visual studio\2017\enterprise\vc\tools\msvc\14.12.25827\include\xstring(3741): note: see declaration of 'std::operator +'
c:\users\marvi\desktop\biuropodrozy\bp\projekt_po_2018\sql\tabelapromocji.cpp(139): error C2784: 'std::basic_string<_Elem,_Traits,_Alloc> std::operator +(const std::basic_string<_Elem,_Traits,_Alloc> &,const std::basic_string<_Elem,_Traits,_Alloc> &)': could not deduce template argument for 'const std::basic_string<_Elem,_Traits,_Alloc> &' from 'int'
  d:\microsoft visual studio\2017\enterprise\vc\tools\msvc\14.12.25827\include\xstring(3727): note: see declaration of 'std::operator +'
c:\users\marvi\desktop\biuropodrozy\bp\projekt_po_2018\sql\tabelapromocji.cpp(139): error C2784: 'std::_String_iterator<_Mystr> std::operator +(_String_iterator<_Mystr>::difference_type,std::_String_iterator<_Mystr>)': could not deduce template argument for 'std::_String_iterator<_Mystr>' from 'int'
  d:\microsoft visual studio\2017\enterprise\vc\tools\msvc\14.12.25827\include\xstring(1490): note: see declaration of 'std::operator +'
c:\users\marvi\desktop\biuropodrozy\bp\projekt_po_2018\sql\tabelapromocji.cpp(139): error C2784: 'std::_String_const_iterator<_Mystr> std::operator +(_String_const_iterator<_Mystr>::difference_type,std::_String_const_iterator<_Mystr>)': could not deduce template argument for 'std::_String_const_iterator<_Mystr>' from 'int'
  d:\microsoft visual studio\2017\enterprise\vc\tools\msvc\14.12.25827\include\xstring(1372): note: see declaration of 'std::operator +'
c:\users\marvi\desktop\biuropodrozy\bp\projekt_po_2018\sql\tabelapromocji.cpp(139): error C2784: 'std::move_iterator<_RanIt> std::operator +(move_iterator<_RanIt>::difference_type,const std::move_iterator<_RanIt> &)': could not deduce template argument for 'const std::move_iterator<_RanIt> &' from 'int'
  d:\microsoft visual studio\2017\enterprise\vc\tools\msvc\14.12.25827\include\xutility(2269): note: see declaration of 'std::operator +'
c:\users\marvi\desktop\biuropodrozy\bp\projekt_po_2018\sql\tabelapromocji.cpp(139): error C2784: 'std::_Array_iterator<_Ty,_Size> std::operator +(ptrdiff_t,std::_Array_iterator<_Ty,_Size>)': could not deduce template argument for 'std::_Array_iterator<_Ty,_Size>' from 'int'
  d:\microsoft visual studio\2017\enterprise\vc\tools\msvc\14.12.25827\include\xutility(2120): note: see declaration of 'std::operator +'
c:\users\marvi\desktop\biuropodrozy\bp\projekt_po_2018\sql\tabelapromocji.cpp(139): error C2784: 'std::_Array_const_iterator<_Ty,_Size> std::operator +(ptrdiff_t,std::_Array_const_iterator<_Ty,_Size>)': could not deduce template argument for 'std::_Array_const_iterator<_Ty,_Size>' from 'int'
  d:\microsoft visual studio\2017\enterprise\vc\tools\msvc\14.12.25827\include\xutility(1990): note: see declaration of 'std::operator +'
c:\users\marvi\desktop\biuropodrozy\bp\projekt_po_2018\sql\tabelapromocji.cpp(139): error C2784: 'std::reverse_iterator<_RanIt> std::operator +(reverse_iterator<_RanIt>::difference_type,const std::reverse_iterator<_RanIt> &)': could not deduce template argument for 'const std::reverse_iterator<_RanIt> &' from 'int'
  d:\microsoft visual studio\2017\enterprise\vc\tools\msvc\14.12.25827\include\xutility(1404): note: see declaration of 'std::operator +'
c:\users\marvi\desktop\biuropodrozy\bp\projekt_po_2018\sql\tabelapromocji.cpp(139): error C2676: binary '+': 'std::basic_string<char,std::char_traits<char>,std::allocator<char>>' does not define this operator or a conversion to a type acceptable to the predefined operator
c:\users\marvi\desktop\biuropodrozy\bp\projekt_po_2018\sql\tabelapromocji.cpp(144): warning C4267: 'argument': conversion from 'size_t' to 'int', possible loss of data
c:\users\marvi\desktop\biuropodrozy\bp\projekt_po_2018\sql\tabelapromocji.cpp(163): error C2556: 'bool TabelaPromocji::edytuj(sqlite3 *)': overloaded function differs only by return type from 'void TabelaPromocji::edytuj(sqlite3 *)'
  c:\users\marvi\desktop\biuropodrozy\bp\projekt_po_2018\sql\tabelapromocji.h(22): note: see declaration of 'TabelaPromocji::edytuj'
c:\users\marvi\desktop\biuropodrozy\bp\projekt_po_2018\sql\tabelapromocji.cpp(162): error C2371: 'TabelaPromocji::edytuj': redefinition; different basic types
  c:\users\marvi\desktop\biuropodrozy\bp\projekt_po_2018\sql\tabelapromocji.h(22): note: see declaration of 'TabelaPromocji::edytuj'
c:\users\marvi\desktop\biuropodrozy\bp\projekt_po_2018\sql\tabelapromocji.cpp(165): error C2065: 'imie': undeclared identifier
c:\users\marvi\desktop\biuropodrozy\bp\projekt_po_2018\sql\tabelapromocji.cpp(165): error C2065: 'nazwisko': undeclared identifier
c:\users\marvi\desktop\biuropodrozy\bp\projekt_po_2018\sql\tabelapromocji.cpp(171): error C2065: 'imie': undeclared identifier
c:\users\marvi\desktop\biuropodrozy\bp\projekt_po_2018\sql\tabelapromocji.cpp(174): error C2065: 'nazwisko': undeclared identifier
c:\users\marvi\desktop\biuropodrozy\bp\projekt_po_2018\sql\tabelapromocji.cpp(177): error C2065: 'adresZamieszkania': undeclared identifier
c:\users\marvi\desktop\biuropodrozy\bp\projekt_po_2018\sql\tabelapromocji.cpp(180): error C2065: 'nr_Tel': undeclared identifier
c:\users\marvi\desktop\biuropodrozy\bp\projekt_po_2018\sql\tabelapromocji.cpp(183): error C2065: 'eMail': undeclared identifier
  TabelaOfert.cpp
c:\users\marvi\desktop\biuropodrozy\bp\projekt_po_2018\sql\tabelaofert.cpp(70): warning C4267: 'argument': conversion from 'size_t' to 'int', possible loss of data
c:\users\marvi\desktop\biuropodrozy\bp\projekt_po_2018\sql\tabelaofert.cpp(107): warning C4267: 'argument': conversion from 'size_t' to 'int', possible loss of data
c:\users\marvi\desktop\biuropodrozy\bp\projekt_po_2018\sql\tabelaofert.cpp(147): error C4996: 'getch': The POSIX name for this item is deprecated. Instead, use the ISO C and C++ conformant name: _getch. See online help for details.
  c:\program files (x86)\windows kits\10\include\10.0.16299.0\ucrt\conio.h(452): note: see declaration of 'getch'
c:\users\marvi\desktop\biuropodrozy\bp\projekt_po_2018\sql\tabelaofert.cpp(150): error C4996: 'getch': The POSIX name for this item is deprecated. Instead, use the ISO C and C++ conformant name: _getch. See online help for details.
  c:\program files (x86)\windows kits\10\include\10.0.16299.0\ucrt\conio.h(452): note: see declaration of 'getch'
c:\users\marvi\desktop\biuropodrozy\bp\projekt_po_2018\sql\tabelaofert.cpp(153): error C4996: 'getch': The POSIX name for this item is deprecated. Instead, use the ISO C and C++ conformant name: _getch. See online help for details.
  c:\program files (x86)\windows kits\10\include\10.0.16299.0\ucrt\conio.h(452): note: see declaration of 'getch'
c:\users\marvi\desktop\biuropodrozy\bp\projekt_po_2018\sql\tabelaofert.cpp(156): error C4996: 'getch': The POSIX name for this item is deprecated. Instead, use the ISO C and C++ conformant name: _getch. See online help for details.
  c:\program files (x86)\windows kits\10\include\10.0.16299.0\ucrt\conio.h(452): note: see declaration of 'getch'
c:\users\marvi\desktop\biuropodrozy\bp\projekt_po_2018\sql\tabelaofert.cpp(159): error C4996: 'getch': The POSIX name for this item is deprecated. Instead, use the ISO C and C++ conformant name: _getch. See online help for details.
  c:\program files (x86)\windows kits\10\include\10.0.16299.0\ucrt\conio.h(452): note: see declaration of 'getch'
c:\users\marvi\desktop\biuropodrozy\bp\projekt_po_2018\sql\tabelaofert.cpp(162): error C4996: 'getch': The POSIX name for this item is deprecated. Instead, use the ISO C and C++ conformant name: _getch. See online help for details.
  c:\program files (x86)\windows kits\10\include\10.0.16299.0\ucrt\conio.h(452): note: see declaration of 'getch'
c:\users\marvi\desktop\biuropodrozy\bp\projekt_po_2018\sql\tabelaofert.cpp(165): error C4996: 'getch': The POSIX name for this item is deprecated. Instead, use the ISO C and C++ conformant name: _getch. See online help for details.
  c:\program files (x86)\windows kits\10\include\10.0.16299.0\ucrt\conio.h(452): note: see declaration of 'getch'
  TabelaKlient.cpp
c:\users\marvi\desktop\biuropodrozy\bp\projekt_po_2018\sql\tabelaklient.cpp(95): warning C4267: 'argument': conversion from 'size_t' to 'int', possible loss of data
c:\users\marvi\desktop\biuropodrozy\bp\projekt_po_2018\sql\tabelaklient.cpp(132): warning C4267: 'argument': conversion from 'size_t' to 'int', possible loss of data
c:\users\marvi\desktop\biuropodrozy\bp\projekt_po_2018\sql\tabelaklient.cpp(177): error C2660: 'TabelaKlient::zapisAdd': function does not take 0 arguments
  SQL.cpp
c:\users\marvi\desktop\biuropodrozy\bp\projekt_po_2018\sql\sql.cpp(18): error C2259: 'TabelaKlient': cannot instantiate abstract class
  c:\users\marvi\desktop\biuropodrozy\bp\projekt_po_2018\sql\sql.cpp(18): note: due to following members:
  c:\users\marvi\desktop\biuropodrozy\bp\projekt_po_2018\sql\sql.cpp(18): note: 'void BazaDanych::odczyt(void)': is abstract
  c:\users\marvi\desktop\biuropodrozy\bp\projekt_po_2018\sql\bazadanych.h(9): note: see declaration of 'BazaDanych::odczyt'
  c:\users\marvi\desktop\biuropodrozy\bp\projekt_po_2018\sql\sql.cpp(18): note: 'void BazaDanych::zapisAdd(void)': is abstract
  c:\users\marvi\desktop\biuropodrozy\bp\projekt_po_2018\sql\bazadanych.h(10): note: see declaration of 'BazaDanych::zapisAdd'
  c:\users\marvi\desktop\biuropodrozy\bp\projekt_po_2018\sql\sql.cpp(18): note: 'void BazaDanych::edytuj(void)': is abstract
  c:\users\marvi\desktop\biuropodrozy\bp\projekt_po_2018\sql\bazadanych.h(11): note: see declaration of 'BazaDanych::edytuj'
  c:\users\marvi\desktop\biuropodrozy\bp\projekt_po_2018\sql\sql.cpp(18): note: 'void BazaDanych::zapisNew(void)': is abstract
  c:\users\marvi\desktop\biuropodrozy\bp\projekt_po_2018\sql\bazadanych.h(12): note: see declaration of 'BazaDanych::zapisNew'
c:\users\marvi\desktop\biuropodrozy\bp\projekt_po_2018\sql\sql.cpp(19): error C2259: 'TabelaOfert': cannot instantiate abstract class
  c:\users\marvi\desktop\biuropodrozy\bp\projekt_po_2018\sql\sql.cpp(19): note: due to following members:
  c:\users\marvi\desktop\biuropodrozy\bp\projekt_po_2018\sql\sql.cpp(19): note: 'void BazaDanych::odczyt(void)': is abstract
  c:\users\marvi\desktop\biuropodrozy\bp\projekt_po_2018\sql\bazadanych.h(9): note: see declaration of 'BazaDanych::odczyt'
  c:\users\marvi\desktop\biuropodrozy\bp\projekt_po_2018\sql\sql.cpp(19): note: 'void BazaDanych::zapisAdd(void)': is abstract
  c:\users\marvi\desktop\biuropodrozy\bp\projekt_po_2018\sql\bazadanych.h(10): note: see declaration of 'BazaDanych::zapisAdd'
  c:\users\marvi\desktop\biuropodrozy\bp\projekt_po_2018\sql\sql.cpp(19): note: 'void BazaDanych::edytuj(void)': is abstract
  c:\users\marvi\desktop\biuropodrozy\bp\projekt_po_2018\sql\bazadanych.h(11): note: see declaration of 'BazaDanych::edytuj'
  c:\users\marvi\desktop\biuropodrozy\bp\projekt_po_2018\sql\sql.cpp(19): note: 'void BazaDanych::zapisNew(void)': is abstract
  c:\users\marvi\desktop\biuropodrozy\bp\projekt_po_2018\sql\bazadanych.h(12): note: see declaration of 'BazaDanych::zapisNew'
c:\users\marvi\desktop\biuropodrozy\bp\projekt_po_2018\sql\sql.cpp(20): error C2259: 'TabelaPromocji': cannot instantiate abstract class
  c:\users\marvi\desktop\biuropodrozy\bp\projekt_po_2018\sql\sql.cpp(20): note: due to following members:
  c:\users\marvi\desktop\biuropodrozy\bp\projekt_po_2018\sql\sql.cpp(20): note: 'void BazaDanych::odczyt(void)': is abstract
  c:\users\marvi\desktop\biuropodrozy\bp\projekt_po_2018\sql\bazadanych.h(9): note: see declaration of 'BazaDanych::odczyt'
  c:\users\marvi\desktop\biuropodrozy\bp\projekt_po_2018\sql\sql.cpp(20): note: 'void BazaDanych::zapisAdd(void)': is abstract
  c:\users\marvi\desktop\biuropodrozy\bp\projekt_po_2018\sql\bazadanych.h(10): note: see declaration of 'BazaDanych::zapisAdd'
  c:\users\marvi\desktop\biuropodrozy\bp\projekt_po_2018\sql\sql.cpp(20): note: 'void BazaDanych::edytuj(void)': is abstract
  c:\users\marvi\desktop\biuropodrozy\bp\projekt_po_2018\sql\bazadanych.h(11): note: see declaration of 'BazaDanych::edytuj'
  c:\users\marvi\desktop\biuropodrozy\bp\projekt_po_2018\sql\sql.cpp(20): note: 'void BazaDanych::zapisNew(void)': is abstract
  c:\users\marvi\desktop\biuropodrozy\bp\projekt_po_2018\sql\bazadanych.h(12): note: see declaration of 'BazaDanych::zapisNew'
c:\users\marvi\desktop\biuropodrozy\bp\projekt_po_2018\sql\sql.cpp(21): error C2259: 'TabelaRezerwacji': cannot instantiate abstract class
  c:\users\marvi\desktop\biuropodrozy\bp\projekt_po_2018\sql\sql.cpp(21): note: due to following members:
  c:\users\marvi\desktop\biuropodrozy\bp\projekt_po_2018\sql\sql.cpp(21): note: 'void BazaDanych::odczyt(void)': is abstract
  c:\users\marvi\desktop\biuropodrozy\bp\projekt_po_2018\sql\bazadanych.h(9): note: see declaration of 'BazaDanych::odczyt'
  c:\users\marvi\desktop\biuropodrozy\bp\projekt_po_2018\sql\sql.cpp(21): note: 'void BazaDanych::zapisAdd(void)': is abstract
  c:\users\marvi\desktop\biuropodrozy\bp\projekt_po_2018\sql\bazadanych.h(10): note: see declaration of 'BazaDanych::zapisAdd'
  c:\users\marvi\desktop\biuropodrozy\bp\projekt_po_2018\sql\sql.cpp(21): note: 'void BazaDanych::edytuj(void)': is abstract
  c:\users\marvi\desktop\biuropodrozy\bp\projekt_po_2018\sql\bazadanych.h(11): note: see declaration of 'BazaDanych::edytuj'
  c:\users\marvi\desktop\biuropodrozy\bp\projekt_po_2018\sql\sql.cpp(21): note: 'void BazaDanych::zapisNew(void)': is abstract
  c:\users\marvi\desktop\biuropodrozy\bp\projekt_po_2018\sql\bazadanych.h(12): note: see declaration of 'BazaDanych::zapisNew'
  Generating Code...
  Compiling...
  gui.cpp
  Generating Code...
